Amount received: 10000
Error: Authentication failed
Amount received: 10000
Order created: order_ReZw7XCwKluFLD
Amount received: 10000
Order created: order_ReZxDfjNSos8oH
Amount received: 10000
Order created: order_ReZxbST0gnuSSn
Amount received: 10000
Order created: order_ReZxobYaYgwNzE
Amount received: 10000
Order created: order_ReZxrr0hXeC1G1
Amount received: 10000
Order created: order_ReZy2FtedBRtiI
Amount received: 10000
Order created: order_ReZyVnBSvl42ah
Amount received: 1900
Order created: order_ReaKVGUtRCbbCm
Amount received: 100
Order created: order_ReaKm7PtY7rcRK
Amount received: 100
Order created: order_ReaL7V5nIUwLnF
Amount received: 200
Order created: order_ReaLcgOFxgOm2l
Amount received: 200
Order created: order_ReaM94Wc7MwhS4
Amount received: 10100
Amount received: 10100
Order created: order_Recwl3x91WZmFr
Order created: order_RecwkVAMQosRwo
Amount received: 10100
Order created: order_ReczBXPvf7iO8j
Amount received: 7500
Order created: order_Red4XbXYfs4uUK
Amount received: 7500
Order created: order_RedAsCfc9yFKaH
Amount received: 7500
Order created: order_RedAtX9p6pHAI5
Amount received: 20000
Error: Authentication failed
Amount received: 20000
Error: Authentication failed
Amount received: 20000
Order created: order_Reprwxjfqimid6
Amount received: 20000
Order created: order_RepsVjjzQX0L3Z
Amount received: 1000
Order created: order_Repx7ZRZd08d6U
Amount received: 10000
Amount received: 10000
Amount received: 12200
Order created: order_RptDtYhGkSTHui
Amount received: 12200
Order created: order_RpxrinV4OpYSFm
Amount received: 12200
Order created: order_Rpxwi1NpSi2cWQ
Amount received: 12200
Order created: order_RpxxAXw6p3OyId
Amount received: 12200
Order created: order_Rq023ssEEnY6rL
Amount received: 10000
Order created: order_Rq04ruVcJpUeHi
Amount received: 1000
Order created: order_Rq0Qzj9WEDznpf
Amount received: 2000
Amount received: 2000
Amount received: 2000
Amount received: 2000
Order created: order_RqBa0U49CN4xJq
Amount received: 2000
Order created: order_RqBZzw8WYEmlAj
Order created: order_RqBa12FzENlM39
Order created: order_RqBa1EfdghXCmf
Order created: order_RqBa1TfDqsL8hk
Amount received: 2000
Order created: order_RqBbJbLyJ4skCL
Amount received: 2000
Order created: order_RqBce30O5fh6yT
Amount received: 2000
Order created: order_RqBdvF21DuXIlC
